Started by user [8mha:////4Nz4HoTdBaPISlmzQGWW/Aw5sJFfjRg4w0gd5QQIYia7AAAAnx+LCAAAAAAAAP9b85aBtbiIQTGjNKU4P08vOT+vOD8nVc83PyU1x6OyILUoJzMv2y+/JJUBAhiZGBgqihhk0NSjKDWzXb3RdlLBUSYGJk8GtpzUvPSSDB8G5tKinBIGIZ+sxLJE/ZzEvHT94JKizLx0a6BxUmjGOUNodHsLgAzeEgZh/dLi1CL9xPLi4qLU1LzEkgwDcwCZIIHPyAAAAA==[0mawssreenath07
Running as SYSTEM
Building on master in workspace /root/.jenkins/workspace/FreeStyle-IWAYQ_Complete
The recommended git tool is: NONE
using credential GIT_JMS_CREDENTIALS
 > git rev-parse --is-inside-work-tree # timeout=10
Fetching changes from the remote Git repository
 > git config remote.origin.url https://github.com/awssreenath07/iwayq.git # timeout=10
Fetching upstream changes from https://github.com/awssreenath07/iwayq.git
 > git --version # timeout=10
 > git --version # 'git version 2.23.4'
using GIT_ASKPASS to set credentials GIT_JMS_CREDENTAILS
 > git fetch --tags --force --progress -- https://github.com/awssreenath07/iwayq.git +refs/heads/*:refs/remotes/origin/* # timeout=10
 > git rev-parse refs/remotes/origin/master^{commit} # timeout=10
Checking out Revision 019ae36b0f4dc1be453ad13fda15bf3beb7c87b5 (refs/remotes/origin/master)
 > git config core.sparsecheckout # timeout=10
 > git checkout -f 019ae36b0f4dc1be453ad13fda15bf3beb7c87b5 # timeout=10
Commit message: "iwayq-Mobile"
 > git rev-list --no-walk 019ae36b0f4dc1be453ad13fda15bf3beb7c87b5 # timeout=10
No emails were triggered.
[FreeStyle-IWAYQ_Complete] $ /root/.jenkins/tools/hudson.tasks.Maven_MavenInstallation/MAVEN_HOME/bin/mvn package
NOTE: Picked up JDK_JAVA_OPTIONS:  --add-opens=java.base/java.lang=ALL-UNNAMED --add-opens=java.base/java.io=ALL-UNNAMED --add-opens=java.rmi/sun.rmi.transport=ALL-UNNAMED
[INFO] Scanning for projects...
[8mha:////4KoImWWa1/yU1y+OuFlm6jJ70TwEyKSahHvzX5hOtqQgAAAAYx+LCAAAAAAAAP9b85aBtbiIQSWjNKU4P0+vJLE4u1gvPjexLDVPzxdEhicW5WXmpfvll6S2fNly5fzGzauYGBgqihikoFqS8/OK83NS9ZwhNEghAwQwghQWAACwxA+XYgAAAA==[0m[WARNING] 
[8mha:////4KoImWWa1/yU1y+OuFlm6jJ70TwEyKSahHvzX5hOtqQgAAAAYx+LCAAAAAAAAP9b85aBtbiIQSWjNKU4P0+vJLE4u1gvPjexLDVPzxdEhicW5WXmpfvll6S2fNly5fzGzauYGBgqihikoFqS8/OK83NS9ZwhNEghAwQwghQWAACwxA+XYgAAAA==[0m[WARNING] Some problems were encountered while building the effective model for com.iwayq:iwayq:war:V1.1
[8mha:////4KoImWWa1/yU1y+OuFlm6jJ70TwEyKSahHvzX5hOtqQgAAAAYx+LCAAAAAAAAP9b85aBtbiIQSWjNKU4P0+vJLE4u1gvPjexLDVPzxdEhicW5WXmpfvll6S2fNly5fzGzauYGBgqihikoFqS8/OK83NS9ZwhNEghAwQwghQWAACwxA+XYgAAAA==[0m[WARNING] 'build.plugins.plugin.version' for org.apache.maven.plugins:maven-compiler-plugin is missing. @ line 42, column 33
[8mha:////4KoImWWa1/yU1y+OuFlm6jJ70TwEyKSahHvzX5hOtqQgAAAAYx+LCAAAAAAAAP9b85aBtbiIQSWjNKU4P0+vJLE4u1gvPjexLDVPzxdEhicW5WXmpfvll6S2fNly5fzGzauYGBgqihikoFqS8/OK83NS9ZwhNEghAwQwghQWAACwxA+XYgAAAA==[0m[WARNING] 
[8mha:////4KoImWWa1/yU1y+OuFlm6jJ70TwEyKSahHvzX5hOtqQgAAAAYx+LCAAAAAAAAP9b85aBtbiIQSWjNKU4P0+vJLE4u1gvPjexLDVPzxdEhicW5WXmpfvll6S2fNly5fzGzauYGBgqihikoFqS8/OK83NS9ZwhNEghAwQwghQWAACwxA+XYgAAAA==[0m[WARNING] It is highly recommended to fix these problems because they threaten the stability of your build.
[8mha:////4KoImWWa1/yU1y+OuFlm6jJ70TwEyKSahHvzX5hOtqQgAAAAYx+LCAAAAAAAAP9b85aBtbiIQSWjNKU4P0+vJLE4u1gvPjexLDVPzxdEhicW5WXmpfvll6S2fNly5fzGzauYGBgqihikoFqS8/OK83NS9ZwhNEghAwQwghQWAACwxA+XYgAAAA==[0m[WARNING] 
[8mha:////4KoImWWa1/yU1y+OuFlm6jJ70TwEyKSahHvzX5hOtqQgAAAAYx+LCAAAAAAAAP9b85aBtbiIQSWjNKU4P0+vJLE4u1gvPjexLDVPzxdEhicW5WXmpfvll6S2fNly5fzGzauYGBgqihikoFqS8/OK83NS9ZwhNEghAwQwghQWAACwxA+XYgAAAA==[0m[WARNING] For this reason, future Maven versions might no longer support building such malformed projects.
[8mha:////4KoImWWa1/yU1y+OuFlm6jJ70TwEyKSahHvzX5hOtqQgAAAAYx+LCAAAAAAAAP9b85aBtbiIQSWjNKU4P0+vJLE4u1gvPjexLDVPzxdEhicW5WXmpfvll6S2fNly5fzGzauYGBgqihikoFqS8/OK83NS9ZwhNEghAwQwghQWAACwxA+XYgAAAA==[0m[WARNING] 
[INFO] 
[INFO] --------------------------< com.iwayq:iwayq >---------------------------
[INFO] Building sample Maven Webapp V1.1
[INFO] --------------------------------[ war ]---------------------------------
[INFO] 
[8mha:////4GDFya73lKa/EbIL8fNdrB8WG13GPRK+x6hvSwLD6jjlAAAAYB+LCAAAAAAAAP9b85aBtbiIQSmjNKU4P0+vJLE4u1gvPjexLDVPzxdEGvvmZ+X75ZekLlOVfvTjc8FPJgaGiiIGKaiG5Py84vycVD1nCA1SyAABjCCFBQCV27OjYAAAAA==[0m[INFO] --- maven-resources-plugin:2.6:resources (default-resources) @ iwayq ---
[8mha:////4KoImWWa1/yU1y+OuFlm6jJ70TwEyKSahHvzX5hOtqQgAAAAYx+LCAAAAAAAAP9b85aBtbiIQSWjNKU4P0+vJLE4u1gvPjexLDVPzxdEhicW5WXmpfvll6S2fNly5fzGzauYGBgqihikoFqS8/OK83NS9ZwhNEghAwQwghQWAACwxA+XYgAAAA==[0m[WARNING] Using platform encoding (UTF-8 actually) to copy filtered resources, i.e. build is platform dependent!
[INFO] skip non existing resourceDirectory /root/.jenkins/workspace/FreeStyle-IWAYQ_Complete/src/main/resources
[INFO] 
[8mha:////4GDFya73lKa/EbIL8fNdrB8WG13GPRK+x6hvSwLD6jjlAAAAYB+LCAAAAAAAAP9b85aBtbiIQSmjNKU4P0+vJLE4u1gvPjexLDVPzxdEGvvmZ+X75ZekLlOVfvTjc8FPJgaGiiIGKaiG5Py84vycVD1nCA1SyAABjCCFBQCV27OjYAAAAA==[0m[INFO] --- maven-compiler-plugin:3.1:compile (default-compile) @ iwayq ---
[INFO] No sources to compile
[INFO] 
[8mha:////4GDFya73lKa/EbIL8fNdrB8WG13GPRK+x6hvSwLD6jjlAAAAYB+LCAAAAAAAAP9b85aBtbiIQSmjNKU4P0+vJLE4u1gvPjexLDVPzxdEGvvmZ+X75ZekLlOVfvTjc8FPJgaGiiIGKaiG5Py84vycVD1nCA1SyAABjCCFBQCV27OjYAAAAA==[0m[INFO] --- maven-resources-plugin:2.6:testResources (default-testResources) @ iwayq ---
[8mha:////4KoImWWa1/yU1y+OuFlm6jJ70TwEyKSahHvzX5hOtqQgAAAAYx+LCAAAAAAAAP9b85aBtbiIQSWjNKU4P0+vJLE4u1gvPjexLDVPzxdEhicW5WXmpfvll6S2fNly5fzGzauYGBgqihikoFqS8/OK83NS9ZwhNEghAwQwghQWAACwxA+XYgAAAA==[0m[WARNING] Using platform encoding (UTF-8 actually) to copy filtered resources, i.e. build is platform dependent!
[INFO] skip non existing resourceDirectory /root/.jenkins/workspace/FreeStyle-IWAYQ_Complete/src/test/resources
[INFO] 
[8mha:////4GDFya73lKa/EbIL8fNdrB8WG13GPRK+x6hvSwLD6jjlAAAAYB+LCAAAAAAAAP9b85aBtbiIQSmjNKU4P0+vJLE4u1gvPjexLDVPzxdEGvvmZ+X75ZekLlOVfvTjc8FPJgaGiiIGKaiG5Py84vycVD1nCA1SyAABjCCFBQCV27OjYAAAAA==[0m[INFO] --- maven-compiler-plugin:3.1:testCompile (default-testCompile) @ iwayq ---
[INFO] No sources to compile
[INFO] 
[8mha:////4GDFya73lKa/EbIL8fNdrB8WG13GPRK+x6hvSwLD6jjlAAAAYB+LCAAAAAAAAP9b85aBtbiIQSmjNKU4P0+vJLE4u1gvPjexLDVPzxdEGvvmZ+X75ZekLlOVfvTjc8FPJgaGiiIGKaiG5Py84vycVD1nCA1SyAABjCCFBQCV27OjYAAAAA==[0m[INFO] --- maven-surefire-plugin:2.12.4:test (default-test) @ iwayq ---
[INFO] No tests to run.
[INFO] 
[8mha:////4GDFya73lKa/EbIL8fNdrB8WG13GPRK+x6hvSwLD6jjlAAAAYB+LCAAAAAAAAP9b85aBtbiIQSmjNKU4P0+vJLE4u1gvPjexLDVPzxdEGvvmZ+X75ZekLlOVfvTjc8FPJgaGiiIGKaiG5Py84vycVD1nCA1SyAABjCCFBQCV27OjYAAAAA==[0m[INFO] --- maven-war-plugin:2.0.1:war (default-war) @ iwayq ---
[INFO] Exploding webapp...
[INFO] Copy webapp webResources to /root/.jenkins/workspace/FreeStyle-IWAYQ_Complete/target/iwayq
[INFO] Assembling webapp iwayq in /root/.jenkins/workspace/FreeStyle-IWAYQ_Complete/target/iwayq
[INFO] Generating war /root/.jenkins/workspace/FreeStyle-IWAYQ_Complete/target/iwayq.war
[INFO] Building war: /root/.jenkins/workspace/FreeStyle-IWAYQ_Complete/target/iwayq.war
[INFO] ------------------------------------------------------------------------
[INFO] BUILD SUCCESS
[INFO] ------------------------------------------------------------------------
[INFO] Total time:  2.509 s
[INFO] Finished at: 2021-05-13T14:23:59Z
[INFO] ------------------------------------------------------------------------
Uploading Maven asset with groupId: com.sri artifactId: iwayq version: V7.0 packaging: war To repository: iwayq-Nexus
ERROR: Build step failed with exception
java.lang.IllegalArgumentException: Upload requires at least one asset in the component
	at com.sonatype.nexus.api.common.ArgumentUtils.checkArgument(ArgumentUtils.java:34)
	at com.sonatype.nexus.api.common.ArgumentUtils.checkArgument(ArgumentUtils.java:25)
	at com.sonatype.nexus.api.repository.v3.impl.DefaultNexusRepositoryV3Client.upload(DefaultNexusRepositoryV3Client.java:145)
	at com.sonatype.nexus.api.repository.v3.RepositoryManagerV3Client$upload$1.call(Unknown Source)
	at org.codehaus.groovy.runtime.callsite.CallSiteArray.defaultCall(CallSiteArray.java:48)
	at org.codehaus.groovy.runtime.callsite.AbstractCallSite.call(AbstractCallSite.java:113)
	at org.codehaus.groovy.runtime.callsite.AbstractCallSite.call(AbstractCallSite.java:141)
	at org.sonatype.nexus.ci.nxrm.v3.ComponentUploaderNxrm3$_upload_closure2.doCall(ComponentUploaderNxrm3.groovy:81)
	at java.base/jdk.internal.reflect.NativeMethodAccessorImpl.invoke0(Native Method)
	at java.base/jdk.internal.reflect.NativeMethodAccessorImpl.invoke(NativeMethodAccessorImpl.java:62)
	at java.base/jdk.internal.reflect.DelegatingMethodAccessorImpl.invoke(DelegatingMethodAccessorImpl.java:43)
	at java.base/java.lang.reflect.Method.invoke(Method.java:566)
	at org.codehaus.groovy.reflection.CachedMethod.invoke(CachedMethod.java:93)
	at groovy.lang.MetaMethod.doMethodInvoke(MetaMethod.java:325)
	at org.codehaus.groovy.runtime.metaclass.ClosureMetaClass.invokeMethod(ClosureMetaClass.java:294)
	at groovy.lang.MetaClassImpl.invokeMethod(MetaClassImpl.java:1022)
	at groovy.lang.Closure.call(Closure.java:414)
	at org.codehaus.groovy.runtime.DefaultGroovyMethods.callClosureForMapEntry(DefaultGroovyMethods.java:5276)
	at org.codehaus.groovy.runtime.DefaultGroovyMethods.each(DefaultGroovyMethods.java:2117)
	at org.codehaus.groovy.runtime.dgm$164.invoke(Unknown Source)
	at org.codehaus.groovy.runtime.callsite.PojoMetaMethodSite$PojoMetaMethodSiteNoUnwrapNoCoerce.invoke(PojoMetaMethodSite.java:274)
	at org.codehaus.groovy.runtime.callsite.PojoMetaMethodSite.call(PojoMetaMethodSite.java:56)
	at org.codehaus.groovy.runtime.callsite.CallSiteArray.defaultCall(CallSiteArray.java:48)
	at org.codehaus.groovy.runtime.callsite.AbstractCallSite.call(AbstractCallSite.java:113)
	at org.codehaus.groovy.runtime.callsite.AbstractCallSite.call(AbstractCallSite.java:125)
	at org.sonatype.nexus.ci.nxrm.v3.ComponentUploaderNxrm3.upload(ComponentUploaderNxrm3.groovy:53)
	at org.sonatype.nexus.ci.nxrm.v3.ComponentUploaderNxrm3$upload.callCurrent(Unknown Source)
	at org.codehaus.groovy.runtime.callsite.CallSiteArray.defaultCallCurrent(CallSiteArray.java:52)
	at org.codehaus.groovy.runtime.callsite.AbstractCallSite.callCurrent(AbstractCallSite.java:154)
	at org.codehaus.groovy.runtime.callsite.AbstractCallSite.callCurrent(AbstractCallSite.java:182)
	at org.sonatype.nexus.ci.nxrm.ComponentUploader.uploadComponents(ComponentUploader.groovy:82)
	at org.sonatype.nexus.ci.nxrm.ComponentUploader$uploadComponents.call(Unknown Source)
	at org.codehaus.groovy.runtime.callsite.CallSiteArray.defaultCall(CallSiteArray.java:48)
	at org.codehaus.groovy.runtime.callsite.AbstractCallSite.call(AbstractCallSite.java:113)
	at org.codehaus.groovy.runtime.callsite.AbstractCallSite.call(AbstractCallSite.java:141)
	at org.sonatype.nexus.ci.nxrm.NexusPublisherBuildStep.perform(NexusPublisherBuildStep.groovy:70)
	at hudson.tasks.BuildStepCompatibilityLayer.perform(BuildStepCompatibilityLayer.java:78)
	at hudson.tasks.BuildStepMonitor$1.perform(BuildStepMonitor.java:20)
	at hudson.model.AbstractBuild$AbstractBuildExecution.perform(AbstractBuild.java:741)
	at hudson.model.Build$BuildExecution.build(Build.java:206)
	at hudson.model.Build$BuildExecution.doRun(Build.java:163)
	at hudson.model.AbstractBuild$AbstractBuildExecution.run(AbstractBuild.java:504)
	at hudson.model.Run.execute(Run.java:1880)
	at hudson.model.FreeStyleBuild.run(FreeStyleBuild.java:43)
	at hudson.model.ResourceController.execute(ResourceController.java:97)
	at hudson.model.Executor.run(Executor.java:428)
Build step 'Nexus Repository Manager Publisher' marked build as failure
[DeployPublisher][INFO] Build failed, project not deployed
Email was triggered for: Always
Sending email for trigger: Always
Sending email to: jmstech28@gmail.com
Finished: FAILURE
